[debug] [2021-06-15T16:55:04.171Z] ----------------------------------------------------------------------
[debug] [2021-06-15T16:55:04.175Z] Command:       C:\Program Files\nodejs\node.exe C:\Users\user\AppData\Roaming\npm\node_modules\firebase-tools\lib\bin\firebase.js init
[debug] [2021-06-15T16:55:04.175Z] CLI Version:   9.12.1
[debug] [2021-06-15T16:55:04.176Z] Platform:      win32
[debug] [2021-06-15T16:55:04.176Z] Node Version:  v14.13.1
[debug] [2021-06-15T16:55:04.177Z] Time:          Tue Jun 15 2021 22:25:04 GMT+0530 (India Standard Time)
[debug] [2021-06-15T16:55:04.177Z] ----------------------------------------------------------------------
[debug] 
[debug] [2021-06-15T16:55:04.193Z] > command requires scopes: ["email","openid","https://www.googleapis.com/auth/cloudplatformprojects.readonly","https://www.googleapis.com/auth/firebase","https://www.googleapis.com/auth/cloud-platform"]
[debug] [2021-06-15T16:55:04.193Z] > authorizing via signed-in user (visha.ravi02@gmail.com)
[info] 
     ######## #### ########  ######## ########     ###     ######  ########
     ##        ##  ##     ## ##       ##     ##  ##   ##  ##       ##
     ######    ##  ########  ######   ########  #########  ######  ######
     ##        ##  ##    ##  ##       ##     ## ##     ##       ## ##
     ##       #### ##     ## ######## ########  ##     ##  ######  ########

You're about to initialize a Firebase project in this directory:

  D:\IIT\2nd Year\React\whatsapp-clone\whatsapp-clone

[info] 
=== Project Setup
[info] 
[info] First, let's associate this project directory with a Firebase project.
[info] You can create multiple project aliases by running firebase use --add, 
[info] but for now we'll just set up a default project.
[info] 
[debug] [2021-06-15T16:55:23.101Z] >>> [apiv2][query] GET https://firebase.googleapis.com/v1beta1/projects pageSize=100
[debug] [2021-06-15T16:55:23.819Z] <<< [apiv2][status] GET https://firebase.googleapis.com/v1beta1/projects 200
[debug] [2021-06-15T16:55:23.819Z] <<< [apiv2][body] GET https://firebase.googleapis.com/v1beta1/projects [omitted]
[info] i  Using project whats-app-clone-279b5 (Whats App Clone) 
[info] 
=== Hosting Setup
[info] 
[info] Your public directory is the folder (relative to your project directory) that
[info] will contain Hosting assets to be uploaded with firebase deploy. If you
[info] have a build process for your assets, use your build's output directory.
[info] 
[debug] [2021-06-15T16:55:43.008Z] >>> [apiv2][query] GET https://www.gstatic.com/firebasejs/releases.json [none]
[debug] [2021-06-15T16:55:43.277Z] <<< [apiv2][status] GET https://www.gstatic.com/firebasejs/releases.json 200
[debug] [2021-06-15T16:55:43.277Z] <<< [apiv2][body] GET https://www.gstatic.com/firebasejs/releases.json {"current":{"version":"8.6.7","browserURL":"https://www.gstatic.com/firebasejs/8.6.7/firebase.js","packageURL":"https://www.gstatic.com/firebasejs/8.6.7/firebase.tgz"},"live":{"version":"8.6","browserURL":"https://www.gstatic.com/firebasejs/live/8.6/firebase.js","packageURL":"https://www.gstatic.com/firebasejs/live/8.6/firebase.tgz"},"components":{"analytics":"https://www.gstatic.com/firebasejs/8.6.7/firebase-analytics.js","app":"https://www.gstatic.com/firebasejs/8.6.7/firebase-app.js","app-check":"https://www.gstatic.com/firebasejs/8.6.7/firebase-app-check.js","auth":"https://www.gstatic.com/firebasejs/8.6.7/firebase-auth.js","database":"https://www.gstatic.com/firebasejs/8.6.7/firebase-database.js","firestore":"https://www.gstatic.com/firebasejs/8.6.7/firebase-firestore.js","functions":"https://www.gstatic.com/firebasejs/8.6.7/firebase-functions.js","installations":"https://www.gstatic.com/firebasejs/8.6.7/firebase-installations.js","messaging":"https://www.gstatic.com/firebasejs/8.6.7/firebase-messaging.js","storage":"https://www.gstatic.com/firebasejs/8.6.7/firebase-storage.js","performance":"https://www.gstatic.com/firebasejs/8.6.7/firebase-performance.js","remote-config":"https://www.gstatic.com/firebasejs/8.6.7/firebase-remote-config.js","firestore.memory":"https://www.gstatic.com/firebasejs/8.6.7/firebase-firestore.memory.js"}}
[info] +  Wrote y/index.html 
[info] 
[info] i  Didn't detect a .git folder. Assuming D:\IIT\2nd Year\React\whatsapp-clone\whatsapp-clone is the project root. 
[info] i  Authorizing with GitHub to upload your service account to a GitHub repository's secrets store. 
[info] 
[info] Visit this URL on this device to log in:
[info] https://github.com/login/oauth/authorize?client_id=89cf50f02ac6aaed3484&state=96195436&redirect_uri=http%3A%2F%2Flocalhost%3A9005&scope=read%3Auser%20repo%20public_repo
[info] 
[info] Waiting for authentication...
[debug] [2021-06-15T16:55:54.984Z] >>> HTTP REQUEST POST https://github.com/login/oauth/access_token  
 {"client_id":"89cf50f02ac6aaed3484","client_secret":"3330d14abc895d9a74d5f17cd7a00711fa2c5bf0","code":"9710971a7abacf9276cb","redirect_uri":"http://localhost:9005","state":"96195436"}
[debug] [2021-06-15T16:55:55.535Z] <<< HTTP RESPONSE 200 {"server":"GitHub.com","date":"Tue, 15 Jun 2021 16:55:56 GMT","content-type":"application/json; charset=utf-8","transfer-encoding":"chunked","vary":"X-PJAX, Accept-Encoding, Accept, X-Requested-With","permissions-policy":"interest-cohort=()","etag":"W/\"a00b0dd97582d69667acb1a7bccf8e51\"","cache-control":"max-age=0, private, must-revalidate","strict-transport-security":"max-age=31536000; includeSubdomains; preload","x-frame-options":"deny","x-content-type-options":"nosniff","x-xss-protection":"0","referrer-policy":"origin-when-cross-origin, strict-origin-when-cross-origin","expect-ct":"max-age=2592000, report-uri=\"https://api.github.com/_private/browser/errors\"","content-security-policy":"default-src 'none'; base-uri 'self'; block-all-mixed-content; connect-src 'self' uploads.github.com www.githubstatus.com collector.githubapp.com api.github.com github-cloud.s3.amazonaws.com github-production-repository-file-5c1aeb.s3.amazonaws.com github-production-upload-manifest-file-7fdce7.s3.amazonaws.com github-production-user-asset-6210df.s3.amazonaws.com html-translator.herokuapp.com cdn.optimizely.com logx.optimizely.com/v1/events wss://alive.github.com; font-src github.githubassets.com; form-action 'self' github.com gist.github.com; frame-ancestors 'none'; frame-src render.githubusercontent.com; img-src 'self' data: github.githubassets.com identicons.github.com collector.githubapp.com github-cloud.s3.amazonaws.com secured-user-images.githubusercontent.com/ *.githubusercontent.com; manifest-src 'self'; media-src 'none'; script-src github.githubassets.com; style-src 'unsafe-inline' github.githubassets.com; worker-src github.com/socket-worker-3f088aa2.js gist.github.com/socket-worker-3f088aa2.js","x-github-request-id":"C8AB:07AA:1C3FB:20414:60C8DB9B"}
[debug] [2021-06-15T16:55:55.539Z] >>> [apiv2][query] GET https://api.github.com/user [none]
[debug] [2021-06-15T16:55:56.155Z] <<< [apiv2][status] GET https://api.github.com/user 200
[debug] [2021-06-15T16:55:56.155Z] <<< [apiv2][body] GET https://api.github.com/user {"login":"visha-ravi","id":66343684,"node_id":"MDQ6VXNlcjY2MzQzNjg0","avatar_url":"https://avatars.githubusercontent.com/u/66343684?v=4","gravatar_id":"","url":"https://api.github.com/users/visha-ravi","html_url":"https://github.com/visha-ravi","followers_url":"https://api.github.com/users/visha-ravi/followers","following_url":"https://api.github.com/users/visha-ravi/following{/other_user}","gists_url":"https://api.github.com/users/visha-ravi/gists{/gist_id}","starred_url":"https://api.github.com/users/visha-ravi/starred{/owner}{/repo}","subscriptions_url":"https://api.github.com/users/visha-ravi/subscriptions","organizations_url":"https://api.github.com/users/visha-ravi/orgs","repos_url":"https://api.github.com/users/visha-ravi/repos","events_url":"https://api.github.com/users/visha-ravi/events{/privacy}","received_events_url":"https://api.github.com/users/visha-ravi/received_events","type":"User","site_admin":false,"name":"Vishani Raveendran","company":"SDGP-GROUP-PROJECT","blog":"","location":null,"email":null,"hireable":null,"bio":null,"twitter_username":null,"public_repos":8,"public_gists":0,"followers":3,"following":4,"created_at":"2020-06-03T02:00:32Z","updated_at":"2021-06-15T16:55:55Z","private_gists":0,"total_private_repos":1,"owned_private_repos":1,"disk_usage":519706,"collaborators":5,"two_factor_authentication":false,"plan":{"name":"pro","space":976562499,"collaborators":0,"private_repos":9999}}
[info] 
[info] +  Success! Logged into GitHub as visha-ravi 
[info] 
